<?xml version="1.0" encoding="UTF-8"?>
<!-- Generated by org.testng.reporters.JUnitReportReporter -->
<testsuite hostname="DESKTOP-0NR2IK8" failures="0" tests="3" name="testNG.testNG.Annotations" time="0.015" errors="0" timestamp="2025-07-20T12:35:52 IST" skipped="0">
  <testcase classname="testNG.testNG.Annotations" name="testMethod1" time="0.009"/>
  <testcase classname="testNG.testNG.Annotations" name="testMethod2" time="0.004"/>
  <testcase classname="testNG.testNG.Annotations" name="testMethod3" time="0.002"/>
</testsuite> <!-- testNG.testNG.Annotations -->
