<?xml version="1.0" encoding="UTF-8"?>
<!-- Generated by org.testng.reporters.JUnitReportReporter -->
<testsuite hostname="DESKTOP-0NR2IK8" failures="0" tests="3" name="testNG.testNG.GroupHomeLoan" time="0.026" errors="0" timestamp="2025-07-14T10:14:05 IST" skipped="0">
  <testcase classname="testNG.testNG.GroupHomeLoan" name="APILoginhomeLoan" time="0.021"/>
  <testcase classname="testNG.testNG.GroupHomeLoan" name="WebLoginHomeLoan" time="0.002"/>
  <testcase classname="testNG.testNG.GroupHomeLoan" name="MobileLoginHomeLoan" time="0.003"/>
</testsuite> <!-- testNG.testNG.GroupHomeLoan -->
