<?xml version="1.0" encoding="UTF-8"?>
<!-- Generated by org.testng.reporters.JUnitReportReporter -->
<testsuite hostname="DESKTOP-0NR2IK8" failures="0" tests="3" name="testNG.testNG.Dependent" time="0.016" errors="0" timestamp="2024-09-30T13:18:04 IST" skipped="0">
  <testcase classname="testNG.testNG.Dependent" name="openbrowser" time="0.012"/>
  <testcase classname="testNG.testNG.Dependent" name="logOut" time="0.002"/>
  <testcase classname="testNG.testNG.Dependent" name="signin" time="0.002"/>
</testsuite> <!-- testNG.testNG.Dependent -->
