<?xml version="1.0" encoding="UTF-8"?>
<!-- Generated by org.testng.reporters.JUnitReportReporter -->
<testsuite hostname="DESKTOP-0NR2IK8" failures="0" tests="3" name="testNG.testNG.Groups_PersonalLoan" time="0.013" errors="0" timestamp="2025-06-14T17:42:34 IST" skipped="0">
  <testcase classname="testNG.testNG.Groups_PersonalLoan" name="APILoginPersonalLoan" time="0.010"/>
  <testcase classname="testNG.testNG.Groups_PersonalLoan" name="WebLoginPersonalLoan" time="0.002"/>
  <testcase classname="testNG.testNG.Groups_PersonalLoan" name="MobileLoginPersonalLoan" time="0.001"/>
</testsuite> <!-- testNG.testNG.Groups_PersonalLoan -->
