<?xml version="1.0" encoding="UTF-8"?>
<!-- Generated by org.testng.reporters.JUnitReportReporter -->
<testsuite hostname="DESKTOP-0NR2IK8" failures="0" tests="3" name="testNG.testNG.Group_CarLoan" time="0.015" errors="0" timestamp="2025-07-20T12:57:39 IST" skipped="0">
  <testcase classname="testNG.testNG.Group_CarLoan" name="WebLoginCarlLoan" time="0.002"/>
  <testcase classname="testNG.testNG.Group_CarLoan" name="APILoginCarLoan" time="0.011"/>
  <testcase classname="testNG.testNG.Group_CarLoan" name="MobileLoginCarLoan" time="0.002"/>
</testsuite> <!-- testNG.testNG.Group_CarLoan -->
