<?xml version="1.0" encoding="UTF-8"?>
<!-- Generated by org.testng.reporters.JUnitReportReporter -->
<testsuite hostname="DESKTOP-0NR2IK8" failures="0" tests="3" name="testNG.testNG.Prioritization" time="0.010" errors="0" timestamp="2025-07-20T12:59:46 IST" skipped="1">
  <testcase classname="testNG.testNG.Prioritization" name="OpenBrowser" time="0.009"/>
  <testcase classname="testNG.testNG.Prioritization" name="CloseBrowser" time="0.001"/>
  <testcase classname="testNG.testNG.Prioritization" name="openAccount">
    <skipped/>
  </testcase> <!-- openAccount -->
</testsuite> <!-- testNG.testNG.Prioritization -->
