<?xml version="1.0" encoding="UTF-8"?>
<!-- Generated by org.testng.reporters.JUnitReportReporter -->
<testsuite hostname="DESKTOP-0NR2IK8" failures="0" tests="2" name="testNG.testNG.TestNGAnnotation" time="0.004" errors="0" timestamp="2024-09-27T10:33:58 IST" skipped="0">
  <testcase classname="testNG.testNG.TestNGAnnotation" name="testMethod2" time="0.002"/>
  <testcase classname="testNG.testNG.TestNGAnnotation" name="testMethod1" time="0.002"/>
</testsuite> <!-- testNG.testNG.TestNGAnnotation -->
