<?xml version="1.0" encoding="UTF-8"?>
<!-- Generated by org.testng.reporters.JUnitReportReporter -->
<testsuite hostname="DESKTOP-0NR2IK8" failures="0" tests="3" name="testNG.testNG.Dependancy" time="0.015" errors="0" timestamp="2024-09-30T11:46:42 IST" skipped="0">
  <testcase classname="testNG.testNG.Dependancy" name="openbrowser" time="0.012"/>
  <testcase classname="testNG.testNG.Dependancy" name="logOut" time="0.001"/>
  <testcase classname="testNG.testNG.Dependancy" name="signin" time="0.002"/>
</testsuite> <!-- testNG.testNG.Dependancy -->
