<?xml version="1.0" encoding="UTF-8"?>
<!-- Generated by org.testng.reporters.JUnitReportReporter -->
<testsuite hostname="DESKTOP-0NR2IK8" failures="0" tests="3" name="testNG.testNG.FirstTestCase" time="0.013" errors="0" timestamp="2024-09-26T12:11:54 IST" skipped="0">
  <testcase classname="testNG.testNG.FirstTestCase" name="setup" time="0.011"/>
  <testcase classname="testNG.testNG.FirstTestCase" name="login" time="0.001"/>
  <testcase classname="testNG.testNG.FirstTestCase" name="logout" time="0.001"/>
</testsuite> <!-- testNG.testNG.FirstTestCase -->
