<?xml version="1.0" encoding="UTF-8"?>
<!-- Generated by org.testng.reporters.JUnitReportReporter -->
<testsuite hostname="DESKTOP-0NR2IK8" failures="0" tests="1" name="testNG.testNG.parameters" time="0.023" errors="0" timestamp="2025-07-20T13:01:30 IST" skipped="0">
  <testcase classname="testNG.testNG.parameters" name="add" time="0.023"/>
</testsuite> <!-- testNG.testNG.parameters -->
