<?xml version="1.0" encoding="UTF-8"?>
<!-- Generated by org.testng.reporters.JUnitReportReporter -->
<testsuite hostname="DESKTOP-0NR2IK8" failures="0" tests="4" name="testNG.testNG.GroupDependent" time="0.014" errors="0" timestamp="2024-09-30T13:18:42 IST" skipped="0">
  <testcase classname="testNG.testNG.GroupDependent" name="testMethod2" time="0.009"/>
  <testcase classname="testNG.testNG.GroupDependent" name="testMethod3" time="0.002"/>
  <testcase classname="testNG.testNG.GroupDependent" name="testMethod1" time="0.001"/>
  <testcase classname="testNG.testNG.GroupDependent" name="testMethod4" time="0.002"/>
</testsuite> <!-- testNG.testNG.GroupDependent -->
