<?xml version="1.0" encoding="UTF-8"?>
<!-- Generated by org.testng.reporters.JUnitReportReporter -->
<testsuite hostname="DESKTOP-0NR2IK8" failures="0" tests="3" name="org.sample.Maven_testNG1.grouping1" time="0.017" errors="0" timestamp="2025-06-15T12:23:09 IST" skipped="0">
  <testcase classname="org.sample.Maven_testNG1.grouping1" name="APILoginPersonalLoan" time="0.013"/>
  <testcase classname="org.sample.Maven_testNG1.grouping1" name="WebLoginPersonalLoan" time="0.003"/>
  <testcase classname="org.sample.Maven_testNG1.grouping1" name="MobileLoginPersonalLoan" time="0.001"/>
</testsuite> <!-- org.sample.Maven_testNG1.grouping1 -->
