<?xml version="1.0" encoding="UTF-8"?>
<!-- Generated by org.testng.reporters.JUnitReportReporter -->
<testsuite hostname="DESKTOP-0NR2IK8" failures="0" tests="3" name="org.sample.Maven_testNG1.Annotations" time="0.018" errors="0" timestamp="2025-06-13T18:24:35 IST" skipped="0">
  <testcase classname="org.sample.Maven_testNG1.Annotations" name="testMethod2" time="0.009"/>
  <testcase classname="org.sample.Maven_testNG1.Annotations" name="testMethod1" time="0.008"/>
  <testcase classname="org.sample.Maven_testNG1.Annotations" name="testMethod3" time="0.001"/>
</testsuite> <!-- org.sample.Maven_testNG1.Annotations -->
