<?xml version="1.0" encoding="UTF-8"?>
<!-- Generated by org.testng.reporters.JUnitReportReporter -->
<testsuite hostname="DESKTOP-0NR2IK8" failures="0" tests="1" name="org.sample.Maven_testNG1.Assertion" time="10.696" errors="0" timestamp="2025-07-14T10:26:38 IST" skipped="0">
  <testcase classname="org.sample.Maven_testNG1.Assertion" name="GooglePage" time="10.696"/>
</testsuite> <!-- org.sample.Maven_testNG1.Assertion -->
