<?xml version="1.0" encoding="UTF-8"?>
<!-- Generated by org.testng.reporters.JUnitReportReporter -->
<testsuite hostname="DESKTOP-0NR2IK8" failures="0" tests="1" name="org.sample.Maven_testNG1.Assertion" time="8.133" errors="0" timestamp="2025-06-16T15:18:15 IST" skipped="0">
  <testcase classname="org.sample.Maven_testNG1.Assertion" name="GooglePage" time="8.133"/>
</testsuite> <!-- org.sample.Maven_testNG1.Assertion -->
