<?xml version="1.0" encoding="UTF-8"?>
<!-- Generated by org.testng.reporters.JUnitReportReporter -->
<testsuite hostname="DESKTOP-0NR2IK8" failures="0" tests="3" name="org.sample.Maven_testNG1.grouping2" time="0.005" errors="0" timestamp="2025-06-15T12:23:09 IST" skipped="0">
  <testcase classname="org.sample.Maven_testNG1.grouping2" name="MobileLoginHomeLoan" time="0.002"/>
  <testcase classname="org.sample.Maven_testNG1.grouping2" name="WebLoginHomeLoan" time="0.002"/>
  <testcase classname="org.sample.Maven_testNG1.grouping2" name="APILoginhomeLoan" time="0.001"/>
</testsuite> <!-- org.sample.Maven_testNG1.grouping2 -->
