<?xml version="1.0" encoding="UTF-8"?>
<!-- Generated by org.testng.reporters.JUnitReportReporter -->
<testsuite hostname="DESKTOP-0NR2IK8" failures="0" tests="5" name="org.sample.Maven_testNG1.Annotations" time="0.023" errors="0" timestamp="2025-08-10T17:49:52 IST" skipped="0">
  <testcase classname="org.sample.Maven_testNG1.Annotations" name="class2" time="0.002"/>
  <testcase classname="org.sample.Maven_testNG1.Annotations" name="testMethod2" time="0.002"/>
  <testcase classname="org.sample.Maven_testNG1.Annotations" name="testMethod1" time="0.003"/>
  <testcase classname="org.sample.Maven_testNG1.Annotations" name="class1" time="0.007"/>
  <testcase classname="org.sample.Maven_testNG1.Annotations" name="testMethod3" time="0.009"/>
</testsuite> <!-- org.sample.Maven_testNG1.Annotations -->
