<?xml version="1.0" encoding="UTF-8"?>
<!-- Generated by org.testng.reporters.JUnitReportReporter -->
<testsuite hostname="DESKTOP-0NR2IK8" failures="0" tests="1" name="org.sample.Maven_testNG1.Assertion" time="15.833" errors="0" timestamp="2025-08-10T17:50:34 IST" skipped="0">
  <testcase classname="org.sample.Maven_testNG1.Assertion" name="GooglePage" time="15.833"/>
</testsuite> <!-- org.sample.Maven_testNG1.Assertion -->
