<?xml version="1.0" encoding="UTF-8"?>
<!-- Generated by org.testng.reporters.JUnitReportReporter -->
<testsuite hostname="DESKTOP-0NR2IK8" failures="0" tests="2" name="org.sample.Maven_testNG1.Prioritization" time="0.002" errors="0" timestamp="2025-06-13T18:24:35 IST" skipped="0">
  <testcase classname="org.sample.Maven_testNG1.Prioritization" name="Login" time="0.001"/>
  <testcase classname="org.sample.Maven_testNG1.Prioritization" name="closeBrowser" time="0.001"/>
</testsuite> <!-- org.sample.Maven_testNG1.Prioritization -->
